Oct-24 10:47:46.330 [main] DEBUG nextflow.cli.Launcher - $> nextflow /var/folders/f8/x74ffsss03zc0bgrk_xg9_dw0000gn/T/RtmpKKvWIG/chunk-code-f71c6b7e3433.txt
Oct-24 10:47:46.475 [main] INFO  nextflow.cli.CmdRun - N E X T F L O W  ~  version 21.10.6
Oct-24 10:47:46.500 [main] INFO  nextflow.cli.CmdRun - Launching `/var/folders/f8/x74ffsss03zc0bgrk_xg9_dw0000gn/T/RtmpKKvWIG/chunk-code-f71c6b7e3433.txt` [pensive_jones] - revision: 176ae8da3b
Oct-24 10:47:46.629 [main] DEBUG nextflow.plugin.PluginsFacade - Setting up plugin manager > mode=prod; plugins-dir=/Users/sparthib/.nextflow/plugins
Oct-24 10:47:46.631 [main] DEBUG nextflow.plugin.PluginsFacade - Plugins default=[]
Oct-24 10:47:46.645 [main] INFO  org.pf4j.DefaultPluginStatusProvider - Enabled plugins: []
Oct-24 10:47:46.646 [main] INFO  org.pf4j.DefaultPluginStatusProvider - Disabled plugins: []
Oct-24 10:47:46.649 [main] INFO  org.pf4j.DefaultPluginManager - PF4J version 3.4.1 in 'deployment' mode
Oct-24 10:47:46.716 [main] INFO  org.pf4j.AbstractPluginManager - No plugins
Oct-24 10:47:46.776 [main] DEBUG nextflow.Session - Session uuid: 65be0149-2075-4b38-8bbd-7e63f31765ea
Oct-24 10:47:46.777 [main] DEBUG nextflow.Session - Run name: pensive_jones
Oct-24 10:47:46.780 [main] DEBUG nextflow.Session - Executor pool size: 8
Oct-24 10:47:46.825 [main] DEBUG nextflow.cli.CmdRun - 
  Version: 21.10.6 build 5660
  Created: 21-12-2021 16:55 UTC (11:55 EDT)
  System: Mac OS X 14.3.1
  Runtime: Groovy 3.0.9 on Java HotSpot(TM) 64-Bit Server VM 1.8.0_333-b02
  Encoding: UTF-8 (UTF-8)
  Process: 64038@Sowmyas-MacBook-Pro.local [127.0.0.1]
  CPUs: 8 - Mem: 16 GB (38.7 MB) - Swap: 8 GB (1.1 GB)
Oct-24 10:47:46.847 [main] DEBUG nextflow.Session - Work-dir: /Users/sparthib/Documents/nextflow/work [Mac OS X]
Oct-24 10:47:46.847 [main] DEBUG nextflow.Session - Script base path does not exist or is not a directory: /var/folders/f8/x74ffsss03zc0bgrk_xg9_dw0000gn/T/RtmpKKvWIG/bin
Oct-24 10:47:46.856 [main] DEBUG nextflow.executor.ExecutorFactory - Extension executors providers=[]
Oct-24 10:47:46.869 [main] DEBUG nextflow.Session - Observer factory: DefaultObserverFactory
Oct-24 10:47:46.949 [main] DEBUG nextflow.util.CustomThreadPool - Creating default thread pool > poolSize: 9; maxThreads: 1000
Oct-24 10:47:47.118 [main] DEBUG nextflow.Session - Session start invoked
Oct-24 10:47:48.440 [main] DEBUG nextflow.script.ScriptRunner - > Launching execution
Oct-24 10:47:48.548 [main] DEBUG nextflow.executor.ExecutorFactory - << taskConfig executor: null
Oct-24 10:47:48.548 [main] DEBUG nextflow.executor.ExecutorFactory - >> processorType: 'local'
Oct-24 10:47:48.552 [main] DEBUG nextflow.executor.Executor - [warm up] executor > local
Oct-24 10:47:48.563 [main] DEBUG n.processor.LocalPollingMonitor - Creating local task monitor for executor 'local' > cpus=8; memory=16 GB; capacity=8; pollInterval=100ms; dumpInterval=5m
Oct-24 10:47:48.586 [main] DEBUG nextflow.util.CustomThreadPool - Creating default thread pool > poolSize: 9; maxThreads: 1000
Oct-24 10:47:48.744 [main] DEBUG nextflow.Session - Session aborted -- Cause: Module feature not enabled -- Set `nextflow.enable.dsl=2` to allow the definition of workflow components
Oct-24 10:47:48.767 [main] DEBUG nextflow.Session - The following nodes are still active:
[process] addNumbers_in_R
  status=ACTIVE
  port 0: (cntrl) -     ; channel: $

Oct-24 10:47:48.774 [main] ERROR nextflow.cli.Launcher - @unknown
java.lang.IllegalStateException: Module feature not enabled -- Set `nextflow.enable.dsl=2` to allow the definition of workflow components
	at sun.reflect.NativeConstructorAccessorImpl.newInstance0(Native Method)
	at sun.reflect.NativeConstructorAccessorImpl.newInstance(NativeConstructorAccessorImpl.java:62)
	at sun.reflect.DelegatingConstructorAccessorImpl.newInstance(DelegatingConstructorAccessorImpl.java:45)
	at java.lang.reflect.Constructor.newInstance(Constructor.java:423)
	at org.codehaus.groovy.reflection.CachedConstructor.invoke(CachedConstructor.java:72)
	at org.codehaus.groovy.runtime.callsite.ConstructorSite$ConstructorSiteNoUnwrapNoCoerce.callConstructor(ConstructorSite.java:105)
	at org.codehaus.groovy.runtime.callsite.CallSiteArray.defaultCallConstructor(CallSiteArray.java:59)
	at org.codehaus.groovy.runtime.callsite.AbstractCallSite.callConstructor(AbstractCallSite.java:263)
	at org.codehaus.groovy.runtime.callsite.AbstractCallSite.callConstructor(AbstractCallSite.java:277)
	at nextflow.script.BaseScript.workflow(BaseScript.groovy:126)
	at sun.reflect.NativeMethodAccessorImpl.invoke0(Native Method)
	at sun.reflect.NativeMethodAccessorImpl.invoke(NativeMethodAccessorImpl.java:62)
	at sun.reflect.DelegatingMethodAccessorImpl.invoke(DelegatingMethodAccessorImpl.java:43)
	at java.lang.reflect.Method.invoke(Method.java:498)
	at org.codehaus.groovy.runtime.callsite.PlainObjectMetaMethodSite.doInvoke(PlainObjectMetaMethodSite.java:43)
	at org.codehaus.groovy.runtime.callsite.PogoMetaMethodSite$PogoCachedMethodSiteNoUnwrapNoCoerce.invoke(PogoMetaMethodSite.java:193)
	at org.codehaus.groovy.runtime.callsite.PogoMetaMethodSite.callCurrent(PogoMetaMethodSite.java:61)
	at org.codehaus.groovy.runtime.callsite.CallSiteArray.defaultCallCurrent(CallSiteArray.java:51)
	at org.codehaus.groovy.runtime.callsite.AbstractCallSite.callCurrent(AbstractCallSite.java:171)
	at org.codehaus.groovy.runtime.callsite.AbstractCallSite.callCurrent(AbstractCallSite.java:185)
	at Script_20317223.runScript(Script_20317223:7)
	at nextflow.script.BaseScript.runDsl1(BaseScript.groovy:163)
	at nextflow.script.BaseScript.run(BaseScript.groovy:200)
	at nextflow.script.ScriptParser.runScript(ScriptParser.groovy:221)
	at nextflow.script.ScriptRunner.run(ScriptRunner.groovy:212)
	at nextflow.script.ScriptRunner.execute(ScriptRunner.groovy:120)
	at nextflow.cli.CmdRun.run(CmdRun.groovy:308)
	at nextflow.cli.Launcher.run(Launcher.groovy:480)
	at nextflow.cli.Launcher.main(Launcher.groovy:639)
